::1 - - [23/Nov/2025:18:33:37 +0200] "GET / HTTP/1.1" 200 46
::1 - - [23/Nov/2025:18:33:37 +0200] "GET /favicon.ico HTTP/1.1" 404 196
::1 - - [23/Nov/2025:19:29:27 +0200] "GET / HTTP/1.1" 200 161
::1 - - [23/Nov/2025:19:29:58 +0200] "GET / HTTP/1.1" 200 161
::1 - - [23/Nov/2025:19:30:12 +0200] "GET /api/ HTTP/1.1" 200 210
::1 - - [23/Nov/2025:19:30:15 +0200] "GET / HTTP/1.1" 200 161
::1 - - [23/Nov/2025:22:02:18 +0200] "GET / HTTP/1.1" 200 161
::1 - - [23/Nov/2025:22:48:37 +0200] "GET / HTTP/1.1" 200 161
127.0.0.1 - - [23/Nov/2025:22:49:37 +0200] "-" 408 -
::1 - - [23/Nov/2025:22:58:09 +0200] "GET / HTTP/1.1" 200 161
::1 - - [23/Nov/2025:22:58:22 +0200] "GET /api/test.php HTTP/1.1" 200 74590
::1 - - [23/Nov/2025:22:58:27 +0200] "GET / HTTP/1.1" 200 161
::1 - - [23/Nov/2025:23:40:49 +0200] "GET / HTTP/1.1" 200 356
::1 - - [23/Nov/2025:23:40:49 +0200] "GET /style.css HTTP/1.1" 200 336
::1 - - [23/Nov/2025:23:40:55 +0200] "GET /register.html HTTP/1.1" 200 599
::1 - - [23/Nov/2025:23:40:55 +0200] "GET /app.js HTTP/1.1" 200 -
::1 - - [23/Nov/2025:23:40:59 +0200] "GET /login.html HTTP/1.1" 200 396
::1 - - [24/Nov/2025:00:05:30 +0200] "GET /phpmyadmin HTTP/1.1" 404 196
::1 - - [24/Nov/2025:00:08:43 +0200] "GET / HTTP/1.1" 304 -
::1 - - [24/Nov/2025:00:08:43 +0200] "GET /style.css HTTP/1.1" 304 -
::1 - - [24/Nov/2025:00:08:46 +0200] "GET /phpmyadmin HTTP/1.1" 403 199
::1 - - [24/Nov/2025:00:08:47 +0200] "GET /phpmyadmin HTTP/1.1" 403 199
::1 - - [24/Nov/2025:00:14:35 +0200] "GET / HTTP/1.1" 304 -
::1 - - [24/Nov/2025:00:14:35 +0200] "GET /style.css HTTP/1.1" 304 -
::1 - - [24/Nov/2025:00:15:26 +0200] "GET /phpmyadmin HTTP/1.1" 403 199
::1 - - [24/Nov/2025:15:22:39 +0200] "GET /api/v1/list_item.php HTTP/1.1" 404 196
::1 - - [24/Nov/2025:15:22:52 +0200] "GET / HTTP/1.1" 200 356
::1 - - [24/Nov/2025:15:22:52 +0200] "GET /style.css HTTP/1.1" 304 -
::1 - - [24/Nov/2025:15:23:00 +0200] "GET /phpmyadmin/ HTTP/1.1" 403 199
::1 - - [25/Nov/2025:18:20:39 +0200] "GET / HTTP/1.1" 403 199
::1 - - [25/Nov/2025:19:34:26 +0200] "GET / HTTP/1.1" 403 199
::1 - - [25/Nov/2025:19:34:26 +0200] "GET / HTTP/1.1" 403 199
::1 - - [25/Nov/2025:19:34:27 +0200] "GET / HTTP/1.1" 403 199
::1 - - [25/Nov/2025:19:34:27 +0200] "GET / HTTP/1.1" 403 199
::1 - - [25/Nov/2025:19:38:53 +0200] "GET / HTTP/1.1" 200 356
::1 - - [25/Nov/2025:19:38:53 +0200] "GET /style.css HTTP/1.1" 304 -
::1 - - [25/Nov/2025:19:39:01 +0200] "GET /phpmyadmin/ HTTP/1.1" 403 199
